I'm sorry, but an uncaught exception occurred.

While running game code:
  File "game/images.rpy", line 189, in script call
    call begin_script
  File "game/script.rpy", line 2, in script call
    call start
  File "game/script.rpy", line 7, in script
    scene black with dissolve
Exception: With statements may not run while in init phase.

-- Full Traceback ------------------------------------------------------------

Full traceback:
  File "game/images.rpy", line 189, in script call
    call begin_script
  File "game/script.rpy", line 2, in script call
    call start
  File "game/script.rpy", line 7, in script
    scene black with dissolve
  File "C:\msysgit\renpy-6.99.1-sdk\renpy\ast.py", line 1236, in execute
    renpy.exports.with_statement(trans, paired)
  File "C:\msysgit\renpy-6.99.1-sdk\renpy\exports.py", line 1253, in with_statement
    raise Exception("With statements may not run while in init phase.")
Exception: With statements may not run while in init phase.

Windows-8-6.2.9200
Ren'Py 6.99.1.329
test 0.0
